TN:
SF:src/hooks.ts
FN:21,useResponsiveSvgSelection
FN:30,(anonymous_1)
FN:43,(anonymous_2)
FN:56,updateSize
FN:78,(anonymous_4)
FN:92,(anonymous_5)
FNF:6
FNH:5
FNDA:2,useResponsiveSvgSelection
FNDA:1,(anonymous_1)
FNDA:1,(anonymous_2)
FNDA:1,updateSize
FNDA:0,(anonymous_4)
FNDA:1,(anonymous_5)
DA:26,2
DA:27,2
DA:28,2
DA:30,2
DA:31,1
DA:33,1
DA:34,0
DA:38,1
DA:42,1
DA:43,1
DA:44,1
DA:46,1
DA:47,1
DA:52,1
DA:53,1
DA:57,1
DA:58,1
DA:59,1
DA:62,1
DA:63,1
DA:64,1
DA:66,0
DA:67,0
DA:70,1
DA:73,1
DA:74,1
DA:75,1
DA:78,1
DA:79,0
DA:80,0
DA:83,0
DA:84,0
DA:85,0
DA:89,1
DA:92,1
DA:93,1
DA:94,1
DA:100,2
LF:38
LH:30
BRDA:27,0,0,2
BRDA:27,0,1,0
BRDA:33,1,0,0
BRDA:33,1,1,1
BRDA:42,2,0,1
BRDA:42,2,1,0
BRDA:42,3,0,1
BRDA:42,3,1,1
BRDA:46,4,0,1
BRDA:46,4,1,0
BRDA:46,5,0,1
BRDA:46,5,1,1
BRDA:64,6,0,0
BRDA:64,6,1,1
BRDA:66,7,0,0
BRDA:66,7,1,0
BRDA:67,8,0,0
BRDA:67,8,1,0
BRDA:79,9,0,0
BRDA:79,9,1,0
BRDA:79,10,0,0
BRDA:79,10,1,0
BRDA:83,11,0,0
BRDA:83,11,1,0
BRF:24
BRH:9
end_of_record
TN:
SF:src/index.tsx
FN:22,getDefaultWordTooltip
FN:63,ReactWordCloud
FN:83,(anonymous_2)
FN:86,(anonymous_3)
FN:91,(anonymous_4)
FNF:5
FNH:5
FNDA:2,getDefaultWordTooltip
FNDA:1,ReactWordCloud
FNDA:1,(anonymous_2)
FNDA:1,(anonymous_3)
FNDA:1,(anonymous_4)
DA:23,2
DA:29,1
DA:36,1
DA:55,1
DA:72,1
DA:73,1
DA:79,1
DA:83,1
DA:84,1
DA:86,1
DA:87,1
DA:91,1
DA:92,1
DA:93,1
DA:94,1
DA:96,1
DA:107,1
DA:113,1
LF:18
LH:18
BRDA:64,0,0,1
BRDA:65,1,0,1
BRDA:66,2,0,1
BRDA:67,3,0,1
BRDA:92,4,0,1
BRDA:92,4,1,0
BRF:6
BRH:5
end_of_record
TN:
SF:src/layout.ts
FN:35,render
FN:65,getFill
FN:72,(anonymous_2)
FN:76,(anonymous_3)
FN:81,(anonymous_4)
FN:89,(anonymous_5)
FN:90,(anonymous_6)
FN:102,(anonymous_7)
FN:120,(anonymous_8)
FN:134,(anonymous_9)
FN:146,(anonymous_10)
FN:164,layout
FN:191,(anonymous_12)
FN:206,(anonymous_13)
FN:227,draw
FN:235,(anonymous_15)
FN:236,(anonymous_16)
FNF:17
FNH:10
FNDA:2,render
FNDA:0,getFill
FNDA:2,(anonymous_2)
FNDA:0,(anonymous_3)
FNDA:0,(anonymous_4)
FNDA:0,(anonymous_5)
FNDA:0,(anonymous_6)
FNDA:0,(anonymous_7)
FNDA:0,(anonymous_8)
FNDA:2,(anonymous_9)
FNDA:2,(anonymous_10)
FNDA:2,layout
FNDA:1,(anonymous_12)
FNDA:2,(anonymous_13)
FNDA:2,draw
FNDA:2,(anonymous_15)
FNDA:2,(anonymous_16)
DA:48,2
DA:56,2
DA:57,2
DA:66,0
DA:69,2
DA:70,2
DA:72,2
DA:74,2
DA:77,0
DA:78,0
DA:82,0
DA:86,0
DA:89,0
DA:91,0
DA:92,0
DA:98,0
DA:99,0
DA:103,0
DA:104,0
DA:105,0
DA:108,0
DA:109,0
DA:120,2
DA:121,0
DA:122,0
DA:126,2
DA:133,2
DA:136,2
DA:145,2
DA:148,2
DA:154,2
DA:172,2
DA:173,2
DA:187,2
DA:189,2
DA:191,1
DA:194,2
DA:198,2
DA:202,2
DA:207,2
DA:209,1
DA:212,1
DA:228,2
DA:229,1
DA:232,2
DA:234,2
DA:235,2
DA:237,2
DA:244,2
DA:248,0
DA:249,0
DA:254,0
DA:255,0
DA:260,0
DA:262,2
DA:274,2
LF:56
LH:34
BRDA:66,0,0,0
BRDA:66,0,1,0
BRDA:77,1,0,0
BRDA:77,1,1,0
BRDA:82,2,0,0
BRDA:82,2,1,0
BRDA:83,3,0,0
BRDA:83,3,1,0
BRDA:83,3,2,0
BRDA:98,4,0,0
BRDA:98,4,1,0
BRDA:103,5,0,0
BRDA:103,5,1,0
BRDA:103,6,0,0
BRDA:103,6,1,0
BRDA:108,7,0,0
BRDA:108,7,1,0
BRDA:112,8,0,0
BRDA:112,8,1,2
BRDA:121,9,0,0
BRDA:121,9,1,0
BRDA:121,10,0,0
BRDA:121,10,1,0
BRDA:195,11,0,1
BRDA:195,11,1,1
BRDA:195,12,0,1
BRDA:195,12,1,1
BRDA:198,13,0,1
BRDA:198,13,1,1
BRDA:207,14,0,1
BRDA:207,14,1,1
BRDA:227,15,0,2
BRDA:228,16,0,1
BRDA:228,16,1,1
BRDA:244,17,0,0
BRDA:244,17,1,2
BRDA:245,18,0,2
BRDA:245,18,1,0
BRDA:248,19,0,0
BRDA:248,19,1,0
BRF:40
BRH:14
end_of_record
TN:
SF:src/utils.ts
FN:16,choose
FN:32,getDefaultColors
FN:34,(anonymous_2)
FN:46,getFontScale
FN:51,(anonymous_4)
FN:52,(anonymous_5)
FN:71,getFontSize
FN:81,getText
FN:91,getTransform
FN:108,rotate
FNF:10
FNH:10
FNDA:4,choose
FNDA:2,getDefaultColors
FNDA:40,(anonymous_2)
FNDA:3,getFontScale
FNDA:4,(anonymous_4)
FNDA:4,(anonymous_5)
FNDA:1,getFontSize
FNDA:1,getText
FNDA:1,getTransform
FNDA:3,rotate
DA:17,4
DA:19,4
DA:20,0
DA:23,4
DA:33,2
DA:34,40
DA:51,4
DA:52,4
DA:54,3
DA:56,0
DA:58,1
DA:61,2
DA:72,1
DA:82,1
DA:94,1
DA:96,1
DA:97,1
DA:113,3
DA:114,1
DA:117,2
DA:118,2
DA:119,2
DA:121,0
DA:122,0
DA:123,0
DA:125,0
DA:126,0
DA:127,0
DA:131,2
LF:29
LH:21
BRDA:19,0,0,0
BRDA:19,0,1,4
BRDA:51,1,0,3
BRDA:51,1,1,0
BRDA:52,2,0,3
BRDA:52,2,1,0
BRDA:54,3,0,0
BRDA:54,3,1,1
BRDA:54,3,2,2
BRDA:54,3,3,2
BRDA:72,4,0,1
BRDA:72,4,1,0
BRDA:82,5,0,1
BRDA:82,5,1,0
BRDA:94,6,0,1
BRDA:94,6,1,0
BRDA:94,7,0,1
BRDA:94,7,1,0
BRDA:96,8,0,1
BRDA:96,8,1,0
BRDA:113,9,0,1
BRDA:113,9,1,2
BRDA:118,10,0,2
BRDA:118,10,1,0
BRF:24
BRH:14
end_of_record
TN:
SF:tests/test-helpers.ts
FN:11,createCloudMock
FN:14,(anonymous_1)
FN:15,(anonymous_2)
FN:16,(anonymous_3)
FN:22,(anonymous_4)
FN:23,(anonymous_5)
FN:31,(anonymous_6)
FN:32,(anonymous_7)
FN:33,(anonymous_8)
FN:44,(anonymous_9)
FN:45,(anonymous_10)
FN:53,(anonymous_11)
FN:54,(anonymous_12)
FN:62,(anonymous_13)
FN:70,(anonymous_14)
FN:71,(anonymous_15)
FN:72,(anonymous_16)
FN:97,(anonymous_17)
FN:99,(anonymous_18)
FN:104,(anonymous_19)
FN:120,createGroupSelectionStub
FN:133,(anonymous_21)
FN:134,(anonymous_22)
FN:135,(anonymous_23)
FN:139,(anonymous_24)
FN:140,(anonymous_25)
FN:141,(anonymous_26)
FN:142,(anonymous_27)
FN:143,(anonymous_28)
FN:147,(anonymous_29)
FN:162,(anonymous_30)
FN:163,(anonymous_31)
FNF:32
FNH:26
FNDA:4,createCloudMock
FNDA:0,(anonymous_1)
FNDA:0,(anonymous_2)
FNDA:0,(anonymous_3)
FNDA:2,(anonymous_4)
FNDA:2,(anonymous_5)
FNDA:2,(anonymous_6)
FNDA:2,(anonymous_7)
FNDA:2,(anonymous_8)
FNDA:2,(anonymous_9)
FNDA:2,(anonymous_10)
FNDA:0,(anonymous_11)
FNDA:2,(anonymous_12)
FNDA:2,(anonymous_13)
FNDA:2,(anonymous_14)
FNDA:2,(anonymous_15)
FNDA:2,(anonymous_16)
FNDA:2,(anonymous_17)
FNDA:0,(anonymous_18)
FNDA:2,(anonymous_19)
FNDA:2,createGroupSelectionStub
FNDA:2,(anonymous_21)
FNDA:28,(anonymous_22)
FNDA:0,(anonymous_23)
FNDA:6,(anonymous_24)
FNDA:6,(anonymous_25)
FNDA:2,(anonymous_26)
FNDA:4,(anonymous_27)
FNDA:6,(anonymous_28)
FNDA:2,(anonymous_29)
FNDA:2,(anonymous_30)
FNDA:2,(anonymous_31)
DA:12,4
DA:14,0
DA:15,0
DA:16,0
DA:21,4
DA:22,2
DA:24,2
DA:25,0
DA:28,2
DA:29,2
DA:31,2
DA:32,2
DA:34,2
DA:35,0
DA:38,2
DA:39,2
DA:42,2
DA:44,2
DA:46,2
DA:47,0
DA:50,2
DA:51,2
DA:53,0
DA:55,2
DA:56,0
DA:59,2
DA:60,2
DA:63,2
DA:64,0
DA:67,2
DA:68,2
DA:70,2
DA:72,2
DA:94,2
DA:95,2
DA:98,2
DA:99,0
DA:102,2
DA:105,2
DA:106,0
DA:109,2
DA:110,2
DA:114,4
DA:132,2
DA:133,2
DA:134,28
DA:136,0
DA:137,0
DA:139,6
DA:140,6
DA:141,2
DA:142,4
DA:143,6
DA:146,2
DA:153,2
DA:154,2
DA:155,2
DA:156,2
DA:161,2
DA:162,2
DA:163,2
DA:167,2
LF:62
LH:49
BRDA:24,0,0,0
BRDA:24,0,1,2
BRDA:34,1,0,0
BRDA:34,1,1,2
BRDA:35,2,0,0
BRDA:35,2,1,0
BRDA:38,3,0,2
BRDA:38,3,1,0
BRDA:46,4,0,0
BRDA:46,4,1,2
BRDA:55,5,0,0
BRDA:55,5,1,2
BRDA:63,6,0,0
BRDA:63,6,1,2
BRDA:74,7,0,2
BRDA:74,7,1,2
BRDA:77,8,0,2
BRDA:77,8,1,2
BRDA:81,9,0,2
BRDA:81,9,1,2
BRDA:82,10,0,2
BRDA:82,10,1,2
BRDA:98,11,0,0
BRDA:98,11,1,2
BRDA:105,12,0,0
BRDA:105,12,1,2
BRF:26
BRH:16
end_of_record
